[20230609 14:27:22 INFO    ] len_asset_list: 30
[20230609 14:27:22 INFO    ] asset_list: AAL ADP BA BIDU CAT CDNS CHTR CVX DHR DLTR FISV IBM INTU ISRG JD JNJ KO LIN MELI MET MET NKE NLOK NVDA NXPI PFE SBUX TXN WDC XLNX
[20230609 14:27:22 INFO    ] TRAIN_START_DATE: 2018-01-01
[20230609 14:27:22 INFO    ] TRAIN_END_DATE: 2021-10-01
[20230609 14:27:22 INFO    ] TEST_START_DATE: 2021-10-01
[20230609 14:27:22 INFO    ] TEST_END_DATE: 2023-03-01
[20230609 14:27:22 INFO    ] len_TECHNICAL_INDICATORS_LIST: 8
[20230609 14:28:08 INFO    ] len_final_asset_list: 26
[20230609 14:28:08 INFO    ] final_asset_list: AAL ADP BA BIDU CAT CDNS CHTR CVX DHR DLTR IBM INTU ISRG JD JNJ KO LIN MELI MET NKE NVDA NXPI PFE SBUX TXN WDC
[20230609 14:28:08 INFO    ] Stock Dimension: 26, State Space: 34
[20230609 14:33:54 INFO    ] test performance
[20230609 14:33:54 INFO    ] annual reward: -0.0124
[20230609 14:33:54 INFO    ] annual stdev: 0.2539
[20230609 14:33:54 INFO    ] sharpe: 0.0772
[20230609 14:33:54 INFO    ] mdd: 0.2325
[20230609 14:33:54 INFO    ] annual stdev_week: 0.2267
[20230609 14:33:55 INFO    ] B&H performance
[20230609 14:33:55 INFO    ] annual reward: -0.1085
[20230609 14:33:55 INFO    ] annual stdev: 0.2537
[20230609 14:33:55 INFO    ] sharpe: -0.3261
[20230609 14:33:55 INFO    ] mdd: 0.2534
[20230609 14:33:55 INFO    ] annual stdev_week: 0.2255
